<?xml version="1.0" encoding="UTF-8"?>
<testsuite xmlns:xsi="http://www.w3.org/2001/XMLSchema-instance" xsi:noNamespaceSchemaLocation="https://maven.apache.org/surefire/maven-surefire-plugin/xsd/surefire-test-report-3.0.xsd" version="3.0" name="sa.edu.kau.fcit.cpit490.FunctionTest" time="2.84" tests="9" errors="0" skipped="0" failures="0">
  <properties>
[...]
</properties>
  <testcase name="testHttpTriggerWithMissingIP" classname="sa.edu.kau.fcit.cpit490.FunctionTest" time="2.518">
    <system-err><![CDATA[WARNING: A Java agent has been loaded dynamically (C:\Users\AmerB\.m2\repository\net\bytebuddy\byte-buddy-agent\1.14.10\byte-buddy-agent-1.14.10.jar)
WARNING: If a serviceability tool is in use, please run with -XX:+EnableDynamicAgentLoading to hide this warning
WARNING: If a serviceability tool is not in use, please run with -Djdk.instrument.traceUsage for more information
WARNING: Dynamic loading of agents will be disallowed by default in a future release
]]></system-err>
  </testcase>
  <testcase name="testGetCountryFromIP_withValidIP" classname="sa.edu.kau.fcit.cpit490.FunctionTest" time="0.095"/>
  <testcase name="testGetCountryFromIP_withException" classname="sa.edu.kau.fcit.cpit490.FunctionTest" time="0.026"/>
  <testcase name="testIpToLong_withInvalidFormat" classname="sa.edu.kau.fcit.cpit490.FunctionTest" time="0.01"/>
  <testcase name="testLookupCountryCode_withIOException" classname="sa.edu.kau.fcit.cpit490.FunctionTest" time="0.012"/>
  <testcase name="testIpToLong_withValidIPs" classname="sa.edu.kau.fcit.cpit490.FunctionTest" time="0.003"/>
  <testcase name="testIpToLong_withInvalidOctetValue" classname="sa.edu.kau.fcit.cpit490.FunctionTest" time="0.024"/>
  <testcase name="testHttpTriggerWithValidIP" classname="sa.edu.kau.fcit.cpit490.FunctionTest" time="0.014"/>
  <testcase name="testLookupCountryCode_withMatchingIP" classname="sa.edu.kau.fcit.cpit490.FunctionTest" time="0.075"/>
</testsuite>